# JRE version: OpenJDK Runtime Environment (17.0.11) (build 17.0.11+0--11852314)
# Java VM: OpenJDK 64-Bit Server VM (17.0.11+0--11852314, mixed mode, tiered, compressed oops, compressed class ptrs, g1 gc, windows-amd64)
GC Precious Log:
 CPUs: 12 total, 12 available
 Memory: 15706M
 Large Page Support: Disabled
 NUMA Support: Disabled
 Compressed Oops: Enabled (32-bit)
 Heap Region Size: 1M
 Heap Min Capacity: 8M
 Heap Initial Capacity: 246M
 Heap Max Capacity: 2G
 Pre-touch: Disabled
 Parallel Workers: 10
 Concurrent Workers: 3
 Concurrent Refinement Workers: 10
 Periodic GC: Disabled
Heap:
 garbage-first heap   total 290816K, used 156690K [0x0000000080000000, 0x0000000100000000)
  region size 1024K, 2 young (2048K), 2 survivors (2048K)
 Metaspace       used 153250K, committed 154112K, reserved 1245184K
  class space    used 19780K, committed 20160K, reserved 1048576K
GC Heap History (20 events):
Event: 14.741 GC heap after
{Heap after GC invocations=47 (full 0):
 garbage-first heap   total 224256K, used 143455K [0x0000000080000000, 0x0000000100000000)
  region size 1024K, 9 young (9216K), 9 survivors (9216K)
 Metaspace       used 138832K, committed 139584K, reserved 1179648K
  class space    used 17943K, committed 18304K, reserved 1048576K
}
Event: 14.745 GC heap before
{Heap before GC invocations=47 (full 0):
 garbage-first heap   total 224256K, used 144479K [0x0000000080000000, 0x0000000100000000)
  region size 1024K, 10 young (10240K), 9 survivors (9216K)
 Metaspace       used 138836K, committed 139584K, reserved 1179648K
  class space    used 17943K, committed 18304K, reserved 1048576K
}
Event: 14.750 GC heap after
{Heap after GC invocations=48 (full 0):
 garbage-first heap   total 224256K, used 144381K [0x0000000080000000, 0x0000000100000000)
  region size 1024K, 2 young (2048K), 2 survivors (2048K)
 Metaspace       used 138836K, committed 139584K, reserved 1179648K
  class space    used 17943K, committed 18304K, reserved 1048576K
}
Event: 14.856 GC heap before
{Heap before GC invocations=48 (full 0):
 garbage-first heap   total 224256K, used 185341K [0x0000000080000000, 0x0000000100000000)
  region size 1024K, 41 young (41984K), 2 survivors (2048K)
 Metaspace       used 138886K, committed 139648K, reserved 1179648K
  class space    used 17943K, committed 18304K, reserved 1048576K
}
Event: 14.858 GC heap after
{Heap after GC invocations=49 (full 0):
 garbage-first heap   total 224256K, used 145843K [0x0000000080000000, 0x0000000100000000)
  region size 1024K, 3 young (3072K), 3 survivors (3072K)
 Metaspace       used 138886K, committed 139648K, reserved 1179648K
  class space    used 17943K, committed 18304K, reserved 1048576K
}
Event: 15.197 GC heap before
{Heap before GC invocations=49 (full 0):
 garbage-first heap   total 224256K, used 164275K [0x0000000080000000, 0x0000000100000000)
  region size 1024K, 22 young (22528K), 3 survivors (3072K)
 Metaspace       used 139354K, committed 140160K, reserved 1179648K
  class space    used 17963K, committed 18368K, reserved 1048576K
}
Event: 15.200 GC heap after
{Heap after GC invocations=50 (full 0):
 garbage-first heap   total 224256K, used 148919K [0x0000000080000000, 0x0000000100000000)
  region size 1024K, 6 young (6144K), 6 survivors (6144K)
 Metaspace       used 139354K, committed 140160K, reserved 1179648K
  class space    used 17963K, committed 18368K, reserved 1048576K
}
Event: 15.587 GC heap before
{Heap before GC invocations=51 (full 0):
 garbage-first heap   total 261120K, used 188855K [0x0000000080000000, 0x0000000100000000)
  region size 1024K, 41 young (41984K), 6 survivors (6144K)
 Metaspace       used 141509K, committed 142272K, reserved 1179648K
  class space    used 18247K, committed 18624K, reserved 1048576K
}
Event: 15.592 GC heap after
{Heap after GC invocations=52 (full 0):
 garbage-first heap   total 261120K, used 156513K [0x0000000080000000, 0x0000000100000000)
  region size 1024K, 6 young (6144K), 6 survivors (6144K)
 Metaspace       used 141509K, committed 142272K, reserved 1179648K
  class space    used 18247K, committed 18624K, reserved 1048576K
}
Event: 15.648 GC heap before
{Heap before GC invocations=52 (full 0):
 garbage-first heap   total 261120K, used 161633K [0x0000000080000000, 0x0000000100000000)
  region size 1024K, 12 young (12288K), 6 survivors (6144K)
 Metaspace       used 141963K, committed 142720K, reserved 1179648K
  class space    used 18316K, committed 18688K, reserved 1048576K
}
Event: 15.651 GC heap after
{Heap after GC invocations=53 (full 0):
 garbage-first heap   total 261120K, used 154347K [0x0000000080000000, 0x0000000100000000)
  region size 1024K, 1 young (1024K), 1 survivors (1024K)
 Metaspace       used 141963K, committed 142720K, reserved 1179648K
  class space    used 18316K, committed 18688K, reserved 1048576K
}
Event: 16.179 GC heap before
{Heap before GC invocations=53 (full 0):
 garbage-first heap   total 261120K, used 210667K [0x0000000080000000, 0x0000000100000000)
  region size 1024K, 56 young (57344K), 1 survivors (1024K)
 Metaspace       used 147292K, committed 148160K, reserved 1179648K
  class space    used 19009K, committed 19392K, reserved 1048576K
}
Event: 16.182 GC heap after
{Heap after GC invocations=54 (full 0):
 garbage-first heap   total 261120K, used 156026K [0x0000000080000000, 0x0000000100000000)
  region size 1024K, 3 young (3072K), 3 survivors (3072K)
 Metaspace       used 147292K, committed 148160K, reserved 1179648K
  class space    used 19009K, committed 19392K, reserved 1048576K
}
Event: 16.211 GC heap before
{Heap before GC invocations=54 (full 0):
 garbage-first heap   total 261120K, used 158074K [0x0000000080000000, 0x0000000100000000)
  region size 1024K, 6 young (6144K), 3 survivors (3072K)
 Metaspace       used 147456K, committed 148288K, reserved 1179648K
  class space    used 19026K, committed 19392K, reserved 1048576K
}
Event: 16.214 GC heap after
{Heap after GC invocations=55 (full 0):
 garbage-first heap   total 261120K, used 156578K [0x0000000080000000, 0x0000000100000000)
  region size 1024K, 3 young (3072K), 3 survivors (3072K)
 Metaspace       used 147456K, committed 148288K, reserved 1179648K
  class space    used 19026K, committed 19392K, reserved 1048576K
}
Event: 16.739 GC heap before
{Heap before GC invocations=56 (full 0):
 garbage-first heap   total 290816K, used 216994K [0x0000000080000000, 0x0000000100000000)
  region size 1024K, 57 young (58368K), 3 survivors (3072K)
 Metaspace       used 150504K, committed 151296K, reserved 1245184K
  class space    used 19460K, committed 19840K, reserved 1048576K
}
Event: 16.743 GC heap after
{Heap after GC invocations=57 (full 0):
 garbage-first heap   total 290816K, used 161740K [0x0000000080000000, 0x0000000100000000)
  region size 1024K, 8 young (8192K), 8 survivors (8192K)
 Metaspace       used 150504K, committed 151296K, reserved 1245184K
  class space    used 19460K, committed 19840K, reserved 1048576K
}
Event: 16.801 GC heap before
{Heap before GC invocations=57 (full 0):
 garbage-first heap   total 290816K, used 166860K [0x0000000080000000, 0x0000000100000000)
  region size 1024K, 14 young (14336K), 8 survivors (8192K)
 Metaspace       used 150926K, committed 151744K, reserved 1245184K
  class space    used 19502K, committed 19904K, reserved 1048576K
}
Event: 16.805 GC heap after
{Heap after GC invocations=58 (full 0):
 garbage-first heap   total 290816K, used 155838K [0x0000000080000000, 0x0000000100000000)
  region size 1024K, 1 young (1024K), 1 survivors (1024K)
 Metaspace       used 150926K, committed 151744K, reserved 1245184K
  class space    used 19502K, committed 19904K, reserved 1048576K
}
Event: 17.448 GC heap before
{Heap before GC invocations=58 (full 0):
 garbage-first heap   total 290816K, used 229566K [0x0000000080000000, 0x0000000100000000)
  region size 1024K, 72 young (73728K), 1 survivors (1024K)
 Metaspace       used 153250K, committed 154112K, reserved 1245184K
  class space    used 19780K, committed 20160K, reserved 1048576K
}

