# JRE version: OpenJDK Runtime Environment (17.0.11) (build 17.0.11+0--11852314)
# Java VM: OpenJDK 64-Bit Server VM (17.0.11+0--11852314, mixed mode, tiered, compressed oops, compressed class ptrs, g1 gc, windows-amd64)
GC Precious Log:
 CPUs: 12 total, 12 available
 Memory: 15706M
 Large Page Support: Disabled
 NUMA Support: Disabled
 Compressed Oops: Enabled (32-bit)
 Heap Region Size: 1M
 Heap Min Capacity: 8M
 Heap Initial Capacity: 246M
 Heap Max Capacity: 2G
 Pre-touch: Disabled
 Parallel Workers: 10
 Concurrent Workers: 3
 Concurrent Refinement Workers: 10
 Periodic GC: Disabled
Heap:
 garbage-first heap   total 314368K, used 232797K [0x0000000080000000, 0x0000000100000000)
  region size 1024K, 89 young (91136K), 11 survivors (11264K)
 Metaspace       used 136245K, committed 137088K, reserved 1179648K
  class space    used 17667K, committed 18048K, reserved 1048576K
GC Heap History (20 events):
Event: 7.267 GC heap before
{Heap before GC invocations=26 (full 0):
 garbage-first heap   total 159744K, used 85615K [0x0000000080000000, 0x0000000100000000)
  region size 1024K, 7 young (7168K), 6 survivors (6144K)
 Metaspace       used 61887K, committed 62528K, reserved 1114112K
  class space    used 8467K, committed 8768K, reserved 1048576K
}
Event: 7.269 GC heap after
{Heap after GC invocations=27 (full 0):
 garbage-first heap   total 159744K, used 85962K [0x0000000080000000, 0x0000000100000000)
  region size 1024K, 1 young (1024K), 1 survivors (1024K)
 Metaspace       used 61887K, committed 62528K, reserved 1114112K
  class space    used 8467K, committed 8768K, reserved 1048576K
}
Event: 7.567 GC heap before
{Heap before GC invocations=27 (full 0):
 garbage-first heap   total 159744K, used 125898K [0x0000000080000000, 0x0000000100000000)
  region size 1024K, 37 young (37888K), 1 survivors (1024K)
 Metaspace       used 64298K, committed 64896K, reserved 1114112K
  class space    used 8790K, committed 9088K, reserved 1048576K
}
Event: 7.570 GC heap after
{Heap after GC invocations=28 (full 0):
 garbage-first heap   total 336896K, used 91213K [0x0000000080000000, 0x0000000100000000)
  region size 1024K, 5 young (5120K), 5 survivors (5120K)
 Metaspace       used 64298K, committed 64896K, reserved 1114112K
  class space    used 8790K, committed 9088K, reserved 1048576K
}
Event: 8.551 GC heap before
{Heap before GC invocations=29 (full 0):
 garbage-first heap   total 314368K, used 208973K [0x0000000080000000, 0x0000000100000000)
  region size 1024K, 115 young (117760K), 5 survivors (5120K)
 Metaspace       used 73916K, committed 74560K, reserved 1114112K
  class space    used 10032K, committed 10368K, reserved 1048576K
}
Event: 8.555 GC heap after
{Heap after GC invocations=30 (full 0):
 garbage-first heap   total 314368K, used 98933K [0x0000000080000000, 0x0000000100000000)
  region size 1024K, 11 young (11264K), 11 survivors (11264K)
 Metaspace       used 73916K, committed 74560K, reserved 1114112K
  class space    used 10032K, committed 10368K, reserved 1048576K
}
Event: 8.583 GC heap before
{Heap before GC invocations=30 (full 0):
 garbage-first heap   total 314368K, used 103029K [0x0000000080000000, 0x0000000100000000)
  region size 1024K, 15 young (15360K), 11 survivors (11264K)
 Metaspace       used 74166K, committed 74816K, reserved 1114112K
  class space    used 10065K, committed 10368K, reserved 1048576K
}
Event: 8.588 GC heap after
{Heap after GC invocations=31 (full 0):
 garbage-first heap   total 314368K, used 99403K [0x0000000080000000, 0x0000000100000000)
  region size 1024K, 2 young (2048K), 2 survivors (2048K)
 Metaspace       used 74166K, committed 74816K, reserved 1114112K
  class space    used 10065K, committed 10368K, reserved 1048576K
}
Event: 9.801 GC heap before
{Heap before GC invocations=31 (full 0):
 garbage-first heap   total 314368K, used 247883K [0x0000000080000000, 0x0000000100000000)
  region size 1024K, 139 young (142336K), 2 survivors (2048K)
 Metaspace       used 87043K, committed 87808K, reserved 1179648K
  class space    used 12127K, committed 12480K, reserved 1048576K
}
Event: 9.805 GC heap after
{Heap after GC invocations=32 (full 0):
 garbage-first heap   total 314368K, used 102096K [0x0000000080000000, 0x0000000100000000)
  region size 1024K, 4 young (4096K), 4 survivors (4096K)
 Metaspace       used 87043K, committed 87808K, reserved 1179648K
  class space    used 12127K, committed 12480K, reserved 1048576K
}
Event: 10.892 GC heap before
{Heap before GC invocations=32 (full 0):
 garbage-first heap   total 314368K, used 254672K [0x0000000080000000, 0x0000000100000000)
  region size 1024K, 146 young (149504K), 4 survivors (4096K)
 Metaspace       used 97796K, committed 98624K, reserved 1179648K
  class space    used 13464K, committed 13824K, reserved 1048576K
}
Event: 10.906 GC heap after
{Heap after GC invocations=33 (full 0):
 garbage-first heap   total 314368K, used 119916K [0x0000000080000000, 0x0000000100000000)
  region size 1024K, 19 young (19456K), 19 survivors (19456K)
 Metaspace       used 97796K, committed 98624K, reserved 1179648K
  class space    used 13464K, committed 13824K, reserved 1048576K
}
Event: 11.764 GC heap before
{Heap before GC invocations=33 (full 0):
 garbage-first heap   total 314368K, used 239724K [0x0000000080000000, 0x0000000100000000)
  region size 1024K, 130 young (133120K), 19 survivors (19456K)
 Metaspace       used 107771K, committed 108480K, reserved 1179648K
  class space    used 14520K, committed 14848K, reserved 1048576K
}
Event: 11.777 GC heap after
{Heap after GC invocations=34 (full 0):
 garbage-first heap   total 314368K, used 140267K [0x0000000080000000, 0x0000000100000000)
  region size 1024K, 13 young (13312K), 13 survivors (13312K)
 Metaspace       used 107771K, committed 108480K, reserved 1179648K
  class space    used 14520K, committed 14848K, reserved 1048576K
}
Event: 12.660 GC heap before
{Heap before GC invocations=35 (full 0):
 garbage-first heap   total 314368K, used 247787K [0x0000000080000000, 0x0000000100000000)
  region size 1024K, 117 young (119808K), 13 survivors (13312K)
 Metaspace       used 117427K, committed 118208K, reserved 1179648K
  class space    used 15740K, committed 16128K, reserved 1048576K
}
Event: 12.667 GC heap after
{Heap after GC invocations=36 (full 0):
 garbage-first heap   total 314368K, used 146223K [0x0000000080000000, 0x0000000100000000)
  region size 1024K, 7 young (7168K), 7 survivors (7168K)
 Metaspace       used 117427K, committed 118208K, reserved 1179648K
  class space    used 15740K, committed 16128K, reserved 1048576K
}
Event: 12.726 GC heap before
{Heap before GC invocations=36 (full 0):
 garbage-first heap   total 314368K, used 154415K [0x0000000080000000, 0x0000000100000000)
  region size 1024K, 15 young (15360K), 7 survivors (7168K)
 Metaspace       used 117523K, committed 118336K, reserved 1179648K
  class space    used 15740K, committed 16128K, reserved 1048576K
}
Event: 12.732 GC heap after
{Heap after GC invocations=37 (full 0):
 garbage-first heap   total 314368K, used 146510K [0x0000000080000000, 0x0000000100000000)
  region size 1024K, 2 young (2048K), 2 survivors (2048K)
 Metaspace       used 117523K, committed 118336K, reserved 1179648K
  class space    used 15740K, committed 16128K, reserved 1048576K
}
Event: 14.131 GC heap before
{Heap before GC invocations=37 (full 0):
 garbage-first heap   total 314368K, used 250958K [0x0000000080000000, 0x0000000100000000)
  region size 1024K, 104 young (106496K), 2 survivors (2048K)
 Metaspace       used 125352K, committed 126144K, reserved 1179648K
  class space    used 16461K, committed 16832K, reserved 1048576K
}
Event: 14.137 GC heap after
{Heap after GC invocations=38 (full 0):
 garbage-first heap   total 314368K, used 154973K [0x0000000080000000, 0x0000000100000000)
  region size 1024K, 11 young (11264K), 11 survivors (11264K)
 Metaspace       used 125352K, committed 126144K, reserved 1179648K
  class space    used 16461K, committed 16832K, reserved 1048576K
}

